[2015-09-10 00:31:04,552][DEBUG][action.bulk              ] [es-node1.unixhot.com] [access-log-2015-09-10][0] failed to execute bulk item (index) index {[access-log-2015-09-10][unixhot-api-access-log-2015-09-10][AU-y8jsohWkwcXXpyeKz], source[_na_]}
org.elasticsearch.index.mapper.MapperParsingException: failed to parse, document is empty
	at org.elasticsearch.index.mapper.DocumentMapper.parse(DocumentMapper.java:560)
	at org.elasticsearch.index.mapper.DocumentMapper.parse(DocumentMapper.java:491)
	at org.elasticsearch.index.shard.service.InternalIndexShard.prepareCreate(InternalIndexShard.java:392)
	at org.elasticsearch.action.bulk.TransportShardBulkAction.shardIndexOperation(TransportShardBulkAction.java:444)
	at org.elasticsearch.action.bulk.TransportShardBulkAction.shardOperationOnPrimary(TransportShardBulkAction.java:150)
	at org.elasticsearch.action.support.replication.TransportShardReplicationOperationAction$AsyncShardOperationAction.performOnPrimary(TransportShardReplicationOperationAction.java:512)
	at org.elasticsearch.action.support.replication.TransportShardReplicationOperationAction$AsyncShardOperationAction$1.run(TransportShardReplicationOperationAction.java:419)
	at java.util.concurrent.ThreadPoolExecutor.runWorker(ThreadPoolExecutor.java:1145)
	at java.util.concurrent.ThreadPoolExecutor$Worker.run(ThreadPoolExecutor.java:615)
	at java.lang.Thread.run(Thread.java:745)
[2015-09-10 00:31:04,595][DEBUG][action.bulk              ] [es-node1.unixhot.com] [access-log-2015-09-10][0] failed to execute bulk item (index) index {[access-log-2015-09-10][unixhot-api-access-log-2015-09-10][AU-y8jtNhWkwcXXpyeoh], source[_na_]}
org.elasticsearch.index.mapper.MapperParsingException: failed to parse, document is empty
	at org.elasticsearch.index.mapper.DocumentMapper.parse(DocumentMapper.java:560)
	at org.elasticsearch.index.mapper.DocumentMapper.parse(DocumentMapper.java:491)
	at org.elasticsearch.index.shard.service.InternalIndexShard.prepareCreate(InternalIndexShard.java:392)
	at org.elasticsearch.action.bulk.TransportShardBulkAction.shardIndexOperation(TransportShardBulkAction.java:444)
	at org.elasticsearch.action.bulk.TransportShardBulkAction.shardOperationOnPrimary(TransportShardBulkAction.java:150)
	at org.elasticsearch.action.support.replication.TransportShardReplicationOperationAction$AsyncShardOperationAction.performOnPrimary(TransportShardReplicationOperationAction.java:512)
	at org.elasticsearch.action.support.replication.TransportShardReplicationOperationAction$AsyncShardOperationAction$1.run(TransportShardReplicationOperationAction.java:419)
	at java.util.concurrent.ThreadPoolExecutor.runWorker(ThreadPoolExecutor.java:1145)
	at java.util.concurrent.ThreadPoolExecutor$Worker.run(ThreadPoolExecutor.java:615)
	at java.lang.Thread.run(Thread.java:745)
[2015-09-10 00:31:04,665][DEBUG][action.bulk              ] [es-node1.unixhot.com] [access-log-2015-09-10][0] failed to execute bulk item (index) index {[access-log-2015-09-10][unixhot-api-access-log-2015-09-10][AU-y8jujhWkwcXXpyfkx], source[_na_]}
org.elasticsearch.index.mapper.MapperParsingException: failed to parse, document is empty
	at org.elasticsearch.index.mapper.DocumentMapper.parse(DocumentMapper.java:560)
	at org.elasticsearch.index.mapper.DocumentMapper.parse(DocumentMapper.java:491)
	at org.elasticsearch.index.shard.service.InternalIndexShard.prepareCreate(InternalIndexShard.java:392)
	at org.elasticsearch.action.bulk.TransportShardBulkAction.shardIndexOperation(TransportShardBulkAction.java:444)
	at org.elasticsearch.action.bulk.TransportShardBulkAction.shardOperationOnPrimary(TransportShardBulkAction.java:150)
	at org.elasticsearch.action.support.replication.TransportShardReplicationOperationAction$AsyncShardOperationAction.performOnPrimary(TransportShardReplicationOperationAction.java:512)
	at org.elasticsearch.action.support.replication.TransportShardReplicationOperationAction$AsyncShardOperationAction$1.run(TransportShardReplicationOperationAction.java:419)
	at java.util.concurrent.ThreadPoolExecutor.runWorker(ThreadPoolExecutor.java:1145)
	at java.util.concurrent.ThreadPoolExecutor$Worker.run(ThreadPoolExecutor.java:615)
	at java.lang.Thread.run(Thread.java:745)
[2015-09-10 01:14:03,829][DEBUG][action.bulk              ] [es-node1.unixhot.com] [access-log-2015-09-10][0] failed to execute bulk item (index) index {[access-log-2015-09-10][unixhot-api-access-log-2015-09-10][AU-zGZZrhWkwcXXp5xmE], source[_na_]}
org.elasticsearch.index.mapper.MapperParsingException: failed to parse, document is empty
	at org.elasticsearch.index.mapper.DocumentMapper.parse(DocumentMapper.java:560)
	at org.elasticsearch.index.mapper.DocumentMapper.parse(DocumentMapper.java:491)
	at org.elasticsearch.index.shard.service.InternalIndexShard.prepareCreate(InternalIndexShard.java:392)
	at org.elasticsearch.action.bulk.TransportShardBulkAction.shardIndexOperation(TransportShardBulkAction.java:444)
	at org.elasticsearch.action.bulk.TransportShardBulkAction.shardOperationOnPrimary(TransportShardBulkAction.java:150)
	at org.elasticsearch.action.support.replication.TransportShardReplicationOperationAction$AsyncShardOperationAction.performOnPrimary(TransportShardReplicationOperationAction.java:512)
	at org.elasticsearch.action.support.replication.TransportShardReplicationOperationAction$AsyncShardOperationAction$1.run(TransportShardReplicationOperationAction.java:419)
	at java.util.concurrent.ThreadPoolExecutor.runWorker(ThreadPoolExecutor.java:1145)
	at java.util.concurrent.ThreadPoolExecutor$Worker.run(ThreadPoolExecutor.java:615)
	at java.lang.Thread.run(Thread.java:745)
[2015-09-10 01:45:02,967][DEBUG][action.bulk              ] [es-node1.unixhot.com] [access-log-2015-09-10][0] failed to execute bulk item (index) index {[access-log-2015-09-10][unixhot-api-access-log-2015-09-10][AU-zNfR5hWkwcXXp9X4B], source[_na_]}
org.elasticsearch.index.mapper.MapperParsingException: failed to parse, document is empty
	at org.elasticsearch.index.mapper.DocumentMapper.parse(DocumentMapper.java:560)
	at org.elasticsearch.index.mapper.DocumentMapper.parse(DocumentMapper.java:491)
	at org.elasticsearch.index.shard.service.InternalIndexShard.prepareCreate(InternalIndexShard.java:392)
	at org.elasticsearch.action.bulk.TransportShardBulkAction.shardIndexOperation(TransportShardBulkAction.java:444)
	at org.elasticsearch.action.bulk.TransportShardBulkAction.shardOperationOnPrimary(TransportShardBulkAction.java:150)
	at org.elasticsearch.action.support.replication.TransportShardReplicationOperationAction$AsyncShardOperationAction.performOnPrimary(TransportShardReplicationOperationAction.java:512)
	at org.elasticsearch.action.support.replication.TransportShardReplicationOperationAction$AsyncShardOperationAction$1.run(TransportShardReplicationOperationAction.java:419)
	at java.util.concurrent.ThreadPoolExecutor.runWorker(ThreadPoolExecutor.java:1145)
	at java.util.concurrent.ThreadPoolExecutor$Worker.run(ThreadPoolExecutor.java:615)
	at java.lang.Thread.run(Thread.java:745)
[2015-09-10 01:45:02,995][DEBUG][action.bulk              ] [es-node1.unixhot.com] [access-log-2015-09-10][0] failed to execute bulk item (index) index {[access-log-2015-09-10][unixhot-api-access-log-2015-09-10][AU-zNfR_hWkwcXXp9YFa], source[_na_]}
org.elasticsearch.index.mapper.MapperParsingException: failed to parse, document is empty
	at org.elasticsearch.index.mapper.DocumentMapper.parse(DocumentMapper.java:560)
	at org.elasticsearch.index.mapper.DocumentMapper.parse(DocumentMapper.java:491)
	at org.elasticsearch.index.shard.service.InternalIndexShard.prepareCreate(InternalIndexShard.java:392)
	at org.elasticsearch.action.bulk.TransportShardBulkAction.shardIndexOperation(TransportShardBulkAction.java:444)
	at org.elasticsearch.action.bulk.TransportShardBulkAction.shardOperationOnPrimary(TransportShardBulkAction.java:150)
	at org.elasticsearch.action.support.replication.TransportShardReplicationOperationAction$AsyncShardOperationAction.performOnPrimary(TransportShardReplicationOperationAction.java:512)
	at org.elasticsearch.action.support.replication.TransportShardReplicationOperationAction$AsyncShardOperationAction$1.run(TransportShardReplicationOperationAction.java:419)
	at java.util.concurrent.ThreadPoolExecutor.runWorker(ThreadPoolExecutor.java:1145)
	at java.util.concurrent.ThreadPoolExecutor$Worker.run(ThreadPoolExecutor.java:615)
	at java.lang.Thread.run(Thread.java:745)
[2015-09-10 01:45:03,083][DEBUG][action.bulk              ] [es-node1.unixhot.com] [access-log-2015-09-10][0] failed to execute bulk item (index) index {[access-log-2015-09-10][unixhot-api-access-log-2015-09-10][AU-zNfTThWkwcXXp9Ys3], source[_na_]}
org.elasticsearch.index.mapper.MapperParsingException: failed to parse, document is empty
	at org.elasticsearch.index.mapper.DocumentMapper.parse(DocumentMapper.java:560)
	at org.elasticsearch.index.mapper.DocumentMapper.parse(DocumentMapper.java:491)
	at org.elasticsearch.index.shard.service.InternalIndexShard.prepareCreate(InternalIndexShard.java:392)
	at org.elasticsearch.action.bulk.TransportShardBulkAction.shardIndexOperation(TransportShardBulkAction.java:444)
	at org.elasticsearch.action.bulk.TransportShardBulkAction.shardOperationOnPrimary(TransportShardBulkAction.java:150)
	at org.elasticsearch.action.support.replication.TransportShardReplicationOperationAction$AsyncShardOperationAction.performOnPrimary(TransportShardReplicationOperationAction.java:512)
	at org.elasticsearch.action.support.replication.TransportShardReplicationOperationAction$AsyncShardOperationAction$1.run(TransportShardReplicationOperationAction.java:419)
	at java.util.concurrent.ThreadPoolExecutor.runWorker(ThreadPoolExecutor.java:1145)
	at java.util.concurrent.ThreadPoolExecutor$Worker.run(ThreadPoolExecutor.java:615)
	at java.lang.Thread.run(Thread.java:745)
[2015-09-10 03:07:11,003][WARN ][monitor.jvm              ] [es-node1.unixhot.com] [gc][old][2430205][364] duration [53.3s], collections [1]/[54.3s], total [53.3s]/[5.1h], memory [28.9gb]->[24.8gb]/[31.2gb], all_pools {[young] [520mb]->[0b]/[0b]}{[survivor] [136mb]->[0b]/[0b]}{[old] [28.2gb]->[24.8gb]/[31.2gb]}
[2015-09-10 03:25:02,192][DEBUG][action.bulk              ] [es-node1.unixhot.com] [access-log-2015-09-10][0] failed to execute bulk item (index) index {[access-log-2015-09-10][unixhot-api-access-log-2015-09-10][AU-zkYLthWkwcXXpFzTF], source[_na_]}
org.elasticsearch.index.mapper.MapperParsingException: failed to parse, document is empty
	at org.elasticsearch.index.mapper.DocumentMapper.parse(DocumentMapper.java:560)
	at org.elasticsearch.index.mapper.DocumentMapper.parse(DocumentMapper.java:491)
	at org.elasticsearch.index.shard.service.InternalIndexShard.prepareCreate(InternalIndexShard.java:392)
	at org.elasticsearch.action.bulk.TransportShardBulkAction.shardIndexOperation(TransportShardBulkAction.java:444)
	at org.elasticsearch.action.bulk.TransportShardBulkAction.shardOperationOnPrimary(TransportShardBulkAction.java:150)
	at org.elasticsearch.action.support.replication.TransportShardReplicationOperationAction$AsyncShardOperationAction.performOnPrimary(TransportShardReplicationOperationAction.java:512)
	at org.elasticsearch.action.support.replication.TransportShardReplicationOperationAction$AsyncShardOperationAction$1.run(TransportShardReplicationOperationAction.java:419)
	at java.util.concurrent.ThreadPoolExecutor.runWorker(ThreadPoolExecutor.java:1145)
	at java.util.concurrent.ThreadPoolExecutor$Worker.run(ThreadPoolExecutor.java:615)
	at java.lang.Thread.run(Thread.java:745)
[2015-09-10 04:15:02,017][DEBUG][action.bulk              ] [es-node1.unixhot.com] [access-log-2015-09-10][0] failed to execute bulk item (index) index {[access-log-2015-09-10][unixhot-api-access-log-2015-09-10][AU-zv0jHhWkwcXXpJt2N], source[_na_]}
org.elasticsearch.index.mapper.MapperParsingException: failed to parse, document is empty
	at org.elasticsearch.index.mapper.DocumentMapper.parse(DocumentMapper.java:560)
	at org.elasticsearch.index.mapper.DocumentMapper.parse(DocumentMapper.java:491)
	at org.elasticsearch.index.shard.service.InternalIndexShard.prepareCreate(InternalIndexShard.java:392)
	at org.elasticsearch.action.bulk.TransportShardBulkAction.shardIndexOperation(TransportShardBulkAction.java:444)
	at org.elasticsearch.action.bulk.TransportShardBulkAction.shardOperationOnPrimary(TransportShardBulkAction.java:150)
	at org.elasticsearch.action.support.replication.TransportShardReplicationOperationAction$AsyncShardOperationAction.performOnPrimary(TransportShardReplicationOperationAction.java:512)
	at org.elasticsearch.action.support.replication.TransportShardReplicationOperationAction$AsyncShardOperationAction$1.run(TransportShardReplicationOperationAction.java:419)
	at java.util.concurrent.ThreadPoolExecutor.runWorker(ThreadPoolExecutor.java:1145)
	at java.util.concurrent.ThreadPoolExecutor$Worker.run(ThreadPoolExecutor.java:615)
	at java.lang.Thread.run(Thread.java:745)
[2015-09-10 04:16:02,372][DEBUG][action.bulk              ] [es-node1.unixhot.com] [access-log-2015-09-10][0] failed to execute bulk item (index) index {[access-log-2015-09-10][unixhot-api-access-log-2015-09-10][AU-zwDSwhWkwcXXpJzny], source[_na_]}
org.elasticsearch.index.mapper.MapperParsingException: failed to parse, document is empty
	at org.elasticsearch.index.mapper.DocumentMapper.parse(DocumentMapper.java:560)
	at org.elasticsearch.index.mapper.DocumentMapper.parse(DocumentMapper.java:491)
	at org.elasticsearch.index.shard.service.InternalIndexShard.prepareCreate(InternalIndexShard.java:392)
	at org.elasticsearch.action.bulk.TransportShardBulkAction.shardIndexOperation(TransportShardBulkAction.java:444)
	at org.elasticsearch.action.bulk.TransportShardBulkAction.shardOperationOnPrimary(TransportShardBulkAction.java:150)
	at org.elasticsearch.action.support.replication.TransportShardReplicationOperationAction$AsyncShardOperationAction.performOnPrimary(TransportShardReplicationOperationAction.java:512)
	at org.elasticsearch.action.support.replication.TransportShardReplicationOperationAction$AsyncShardOperationAction$1.run(TransportShardReplicationOperationAction.java:419)
	at java.util.concurrent.ThreadPoolExecutor.runWorker(ThreadPoolExecutor.java:1145)
	at java.util.concurrent.ThreadPoolExecutor$Worker.run(ThreadPoolExecutor.java:615)
	at java.lang.Thread.run(Thread.java:745)
[2015-09-10 06:06:04,963][DEBUG][action.bulk              ] [es-node1.unixhot.com] [access-log-2015-09-10][0] failed to execute bulk item (index) index {[access-log-2015-09-10][unixhot-api-access-log-2015-09-10][AU-0JPOHhWkwcXXpdEnt], source[_na_]}
org.elasticsearch.index.mapper.MapperParsingException: failed to parse, document is empty
	at org.elasticsearch.index.mapper.DocumentMapper.parse(DocumentMapper.java:560)
	at org.elasticsearch.index.mapper.DocumentMapper.parse(DocumentMapper.java:491)
	at org.elasticsearch.index.shard.service.InternalIndexShard.prepareCreate(InternalIndexShard.java:392)
	at org.elasticsearch.action.bulk.TransportShardBulkAction.shardIndexOperation(TransportShardBulkAction.java:444)
	at org.elasticsearch.action.bulk.TransportShardBulkAction.shardOperationOnPrimary(TransportShardBulkAction.java:150)
	at org.elasticsearch.action.support.replication.TransportShardReplicationOperationAction$AsyncShardOperationAction.performOnPrimary(TransportShardReplicationOperationAction.java:512)
	at org.elasticsearch.action.support.replication.TransportShardReplicationOperationAction$AsyncShardOperationAction$1.run(TransportShardReplicationOperationAction.java:419)
	at java.util.concurrent.ThreadPoolExecutor.runWorker(ThreadPoolExecutor.java:1145)
	at java.util.concurrent.ThreadPoolExecutor$Worker.run(ThreadPoolExecutor.java:615)
	at java.lang.Thread.run(Thread.java:745)
[2015-09-10 06:14:05,725][DEBUG][action.bulk              ] [es-node1.unixhot.com] [access-log-2015-09-10][0] failed to execute bulk item (index) index {[access-log-2015-09-10][unixhot-api-access-log-2015-09-10][AU-0LEmwhWkwcXXpgYU0], source[_na_]}
org.elasticsearch.index.mapper.MapperParsingException: failed to parse, document is empty
	at org.elasticsearch.index.mapper.DocumentMapper.parse(DocumentMapper.java:560)
	at org.elasticsearch.index.mapper.DocumentMapper.parse(DocumentMapper.java:491)
	at org.elasticsearch.index.shard.service.InternalIndexShard.prepareCreate(InternalIndexShard.java:392)
	at org.elasticsearch.action.bulk.TransportShardBulkAction.shardIndexOperation(TransportShardBulkAction.java:444)
	at org.elasticsearch.action.bulk.TransportShardBulkAction.shardOperationOnPrimary(TransportShardBulkAction.java:150)
	at org.elasticsearch.action.support.replication.TransportShardReplicationOperationAction$AsyncShardOperationAction.performOnPrimary(TransportShardReplicationOperationAction.java:512)
	at org.elasticsearch.action.support.replication.TransportShardReplicationOperationAction$AsyncShardOperationAction$1.run(TransportShardReplicationOperationAction.java:419)
	at java.util.concurrent.ThreadPoolExecutor.runWorker(ThreadPoolExecutor.java:1145)
	at java.util.concurrent.ThreadPoolExecutor$Worker.run(ThreadPoolExecutor.java:615)
	at java.lang.Thread.run(Thread.java:745)
[2015-09-10 06:14:08,345][DEBUG][action.bulk              ] [es-node1.unixhot.com] [access-log-2015-09-10][0] failed to execute bulk item (index) index {[access-log-2015-09-10][unixhot-api-access-log-2015-09-10][AU-0LFOqhWkwcXXpgebh], source[_na_]}
org.elasticsearch.index.mapper.MapperParsingException: failed to parse, document is empty
	at org.elasticsearch.index.mapper.DocumentMapper.parse(DocumentMapper.java:560)
	at org.elasticsearch.index.mapper.DocumentMapper.parse(DocumentMapper.java:491)
	at org.elasticsearch.index.shard.service.InternalIndexShard.prepareCreate(InternalIndexShard.java:392)
	at org.elasticsearch.action.bulk.TransportShardBulkAction.shardIndexOperation(TransportShardBulkAction.java:444)
	at org.elasticsearch.action.bulk.TransportShardBulkAction.shardOperationOnPrimary(TransportShardBulkAction.java:150)
	at org.elasticsearch.action.support.replication.TransportShardReplicationOperationAction$AsyncShardOperationAction.performOnPrimary(TransportShardReplicationOperationAction.java:512)
	at org.elasticsearch.action.support.replication.TransportShardReplicationOperationAction$AsyncShardOperationAction$1.run(TransportShardReplicationOperationAction.java:419)
	at java.util.concurrent.ThreadPoolExecutor.runWorker(ThreadPoolExecutor.java:1145)
	at java.util.concurrent.ThreadPoolExecutor$Worker.run(ThreadPoolExecutor.java:615)
	at java.lang.Thread.run(Thread.java:745)
[2015-09-10 06:15:05,657][DEBUG][action.bulk              ] [es-node1.unixhot.com] [access-log-2015-09-10][0] failed to execute bulk item (index) index {[access-log-2015-09-10][unixhot-api-access-log-2015-09-10][AU-0LTM5hWkwcXXpg1ia], source[_na_]}
org.elasticsearch.index.mapper.MapperParsingException: failed to parse, document is empty
	at org.elasticsearch.index.mapper.DocumentMapper.parse(DocumentMapper.java:560)
	at org.elasticsearch.index.mapper.DocumentMapper.parse(DocumentMapper.java:491)
	at org.elasticsearch.index.shard.service.InternalIndexShard.prepareCreate(InternalIndexShard.java:392)
	at org.elasticsearch.action.bulk.TransportShardBulkAction.shardIndexOperation(TransportShardBulkAction.java:444)
	at org.elasticsearch.action.bulk.TransportShardBulkAction.shardOperationOnPrimary(TransportShardBulkAction.java:150)
	at org.elasticsearch.action.support.replication.TransportShardReplicationOperationAction$AsyncShardOperationAction.performOnPrimary(TransportShardReplicationOperationAction.java:512)
	at org.elasticsearch.action.support.replication.TransportShardReplicationOperationAction$AsyncShardOperationAction$1.run(TransportShardReplicationOperationAction.java:419)
	at java.util.concurrent.ThreadPoolExecutor.runWorker(ThreadPoolExecutor.java:1145)
	at java.util.concurrent.ThreadPoolExecutor$Worker.run(ThreadPoolExecutor.java:615)
	at java.lang.Thread.run(Thread.java:745)
[2015-09-10 06:16:05,731][DEBUG][action.bulk              ] [es-node1.unixhot.com] [access-log-2015-09-10][0] failed to execute bulk item (index) index {[access-log-2015-09-10][unixhot-api-access-log-2015-09-10][AU-0Lh31hWkwcXXphLfZ], source[_na_]}
org.elasticsearch.index.mapper.MapperParsingException: failed to parse, document is empty
	at org.elasticsearch.index.mapper.DocumentMapper.parse(DocumentMapper.java:560)
	at org.elasticsearch.index.mapper.DocumentMapper.parse(DocumentMapper.java:491)
	at org.elasticsearch.index.shard.service.InternalIndexShard.prepareCreate(InternalIndexShard.java:392)
	at org.elasticsearch.action.bulk.TransportShardBulkAction.shardIndexOperation(TransportShardBulkAction.java:444)
	at org.elasticsearch.action.bulk.TransportShardBulkAction.shardOperationOnPrimary(TransportShardBulkAction.java:150)
	at org.elasticsearch.action.support.replication.TransportShardReplicationOperationAction$AsyncShardOperationAction.performOnPrimary(TransportShardReplicationOperationAction.java:512)
	at org.elasticsearch.action.support.replication.TransportShardReplicationOperationAction$AsyncShardOperationAction$1.run(TransportShardReplicationOperationAction.java:419)
	at java.util.concurrent.ThreadPoolExecutor.runWorker(ThreadPoolExecutor.java:1145)
	at java.util.concurrent.ThreadPoolExecutor$Worker.run(ThreadPoolExecutor.java:615)
	at java.lang.Thread.run(Thread.java:745)
[2015-09-10 06:24:55,297][WARN ][transport                ] [es-node1.unixhot.com] Received response for a request that has timed out, sent [45877ms] ago, timed out [15877ms] ago, action [internal:discovery/zen/fd/master_ping], node [[es-node2.unixhot.com][Phot55vxSbK9qULQO5wC_w][es-node2.unixhot.com][inet[/192.168.99.92:9300]]], id [31057135]
[2015-09-10 06:47:07,242][WARN ][monitor.jvm              ] [es-node1.unixhot.com] [gc][young][2443258][283317] duration [1.4s], collections [1]/[1.9s], total [1.4s]/[5.9h], memory [29.8gb]->[30gb]/[31.2gb], all_pools {[young] [1.2gb]->[8mb]/[0b]}{[survivor] [88mb]->[176mb]/[0b]}{[old] [28.5gb]->[29.8gb]/[31.2gb]}
[2015-09-10 06:47:48,668][WARN ][monitor.jvm              ] [es-node1.unixhot.com] [gc][old][2443259][365] duration [39.1s], collections [1]/[41.4s], total [39.1s]/[5.1h], memory [30gb]->[25.3gb]/[31.2gb], all_pools {[young] [8mb]->[24mb]/[0b]}{[survivor] [176mb]->[0b]/[0b]}{[old] [29.8gb]->[25.2gb]/[31.2gb]}
[2015-09-10 06:59:05,774][DEBUG][action.bulk              ] [es-node1.unixhot.com] [access-log-2015-09-10][0] failed to execute bulk item (index) index {[access-log-2015-09-10][unixhot-api-access-log-2015-09-10][AU-0VXyohWkwcXXp2BSS], source[_na_]}
org.elasticsearch.index.mapper.MapperParsingException: failed to parse, document is empty
	at org.elasticsearch.index.mapper.DocumentMapper.parse(DocumentMapper.java:560)
	at org.elasticsearch.index.mapper.DocumentMapper.parse(DocumentMapper.java:491)
	at org.elasticsearch.index.shard.service.InternalIndexShard.prepareCreate(InternalIndexShard.java:392)
	at org.elasticsearch.action.bulk.TransportShardBulkAction.shardIndexOperation(TransportShardBulkAction.java:444)
	at org.elasticsearch.action.bulk.TransportShardBulkAction.shardOperationOnPrimary(TransportShardBulkAction.java:150)
	at org.elasticsearch.action.support.replication.TransportShardReplicationOperationAction$AsyncShardOperationAction.performOnPrimary(TransportShardReplicationOperationAction.java:512)
	at org.elasticsearch.action.support.replication.TransportShardReplicationOperationAction$AsyncShardOperationAction$1.run(TransportShardReplicationOperationAction.java:419)
	at java.util.concurrent.ThreadPoolExecutor.runWorker(ThreadPoolExecutor.java:1145)
	at java.util.concurrent.ThreadPoolExecutor$Worker.run(ThreadPoolExecutor.java:615)
	at java.lang.Thread.run(Thread.java:745)
[2015-09-10 07:13:53,279][WARN ][transport                ] [es-node1.unixhot.com] Received response for a request that has timed out, sent [37682ms] ago, timed out [7682ms] ago, action [internal:discovery/zen/fd/master_ping], node [[es-node2.unixhot.com][Phot55vxSbK9qULQO5wC_w][es-node2.unixhot.com][inet[/192.168.99.92:9300]]], id [31085277]
[2015-09-10 07:26:46,242][INFO ][monitor.jvm              ] [es-node1.unixhot.com] [gc][young][2445551][283524] duration [764ms], collections [1]/[1s], total [764ms]/[5.9h], memory [30.1gb]->[29.6gb]/[31.2gb], all_pools {[young] [1.4gb]->[112mb]/[0b]}{[survivor] [96mb]->[104mb]/[0b]}{[old] [28.5gb]->[29.4gb]/[31.2gb]}
[2015-09-10 07:27:00,765][WARN ][monitor.jvm              ] [es-node1.unixhot.com] [gc][young][2445565][283525] duration [1.4s], collections [1]/[1.5s], total [1.4s]/[5.9h], memory [30.2gb]->[30.1gb]/[31.2gb], all_pools {[young] [680mb]->[8mb]/[0b]}{[survivor] [104mb]->[0b]/[0b]}{[old] [29.4gb]->[30.1gb]/[31.2gb]}
[2015-09-10 07:27:42,362][WARN ][monitor.jvm              ] [es-node1.unixhot.com] [gc][old][2445569][366] duration [37.4s], collections [1]/[38.5s], total [37.4s]/[5.1h], memory [30.1gb]->[25.3gb]/[31.2gb], all_pools {[young] [88mb]->[56mb]/[0b]}{[survivor] [0b]->[0b]/[0b]}{[old] [30.1gb]->[25.3gb]/[31.2gb]}
[2015-09-10 07:47:47,492][WARN ][transport                ] [es-node1.unixhot.com] Received response for a request that has timed out, sent [38915ms] ago, timed out [8914ms] ago, action [internal:discovery/zen/fd/master_ping], node [[es-node2.unixhot.com][Phot55vxSbK9qULQO5wC_w][es-node2.unixhot.com][inet[/192.168.99.92:9300]]], id [31103017]
[2015-09-10 07:48:15,564][DEBUG][action.bulk              ] [es-node1.unixhot.com] [access-log-2015-09-10][0] failed to execute bulk item (index) index {[access-log-2015-09-10][unixhot-api-access-log-2015-09-10][AU-0gnoxhWkwcXXpPwAV], source[_na_]}
org.elasticsearch.index.mapper.MapperParsingException: failed to parse, document is empty
	at org.elasticsearch.index.mapper.DocumentMapper.parse(DocumentMapper.java:560)
	at org.elasticsearch.index.mapper.DocumentMapper.parse(DocumentMapper.java:491)
	at org.elasticsearch.index.shard.service.InternalIndexShard.prepareCreate(InternalIndexShard.java:392)
	at org.elasticsearch.action.bulk.TransportShardBulkAction.shardIndexOperation(TransportShardBulkAction.java:444)
	at org.elasticsearch.action.bulk.TransportShardBulkAction.shardOperationOnPrimary(TransportShardBulkAction.java:150)
	at org.elasticsearch.action.support.replication.TransportShardReplicationOperationAction$AsyncShardOperationAction.performOnPrimary(TransportShardReplicationOperationAction.java:512)
	at org.elasticsearch.action.support.replication.TransportShardReplicationOperationAction$AsyncShardOperationAction$1.run(TransportShardReplicationOperationAction.java:419)
	at java.util.concurrent.ThreadPoolExecutor.runWorker(ThreadPoolExecutor.java:1145)
	at java.util.concurrent.ThreadPoolExecutor$Worker.run(ThreadPoolExecutor.java:615)
	at java.lang.Thread.run(Thread.java:745)
[2015-09-10 08:09:49,407][WARN ][monitor.jvm              ] [es-node1.unixhot.com] [gc][young][2448006][283746] duration [1.9s], collections [1]/[40.1s], total [1.9s]/[5.9h], memory [29.9gb]->[25.4gb]/[31.2gb], all_pools {[young] [336mb]->[32mb]/[0b]}{[survivor] [200mb]->[0b]/[0b]}{[old] [29.4gb]->[25.4gb]/[31.2gb]}
[2015-09-10 08:09:49,407][WARN ][monitor.jvm              ] [es-node1.unixhot.com] [gc][old][2448006][367] duration [37.4s], collections [1]/[40.1s], total [37.4s]/[5.1h], memory [29.9gb]->[25.4gb]/[31.2gb], all_pools {[young] [336mb]->[32mb]/[0b]}{[survivor] [200mb]->[0b]/[0b]}{[old] [29.4gb]->[25.4gb]/[31.2gb]}
[2015-09-10 08:26:01,182][WARN ][transport                ] [es-node1.unixhot.com] Received response for a request that has timed out, sent [35423ms] ago, timed out [5423ms] ago, action [internal:discovery/zen/fd/master_ping], node [[es-node2.unixhot.com][Phot55vxSbK9qULQO5wC_w][es-node2.unixhot.com][inet[/192.168.99.92:9300]]], id [31124133]
[2015-09-10 08:42:53,340][INFO ][monitor.jvm              ] [es-node1.unixhot.com] [gc][young][2449906][283943] duration [2.1s], collections [3]/[39.6s], total [2.1s]/[5.9h], memory [30.2gb]->[25.6gb]/[31.2gb], all_pools {[young] [504mb]->[32mb]/[0b]}{[survivor] [200mb]->[0b]/[0b]}{[old] [29.5gb]->[25.6gb]/[31.2gb]}
[2015-09-10 08:42:53,340][WARN ][monitor.jvm              ] [es-node1.unixhot.com] [gc][old][2449906][368] duration [37.4s], collections [1]/[39.6s], total [37.4s]/[5.1h], memory [30.2gb]->[25.6gb]/[31.2gb], all_pools {[young] [504mb]->[32mb]/[0b]}{[survivor] [200mb]->[0b]/[0b]}{[old] [29.5gb]->[25.6gb]/[31.2gb]}
[2015-09-10 08:58:51,134][WARN ][transport                ] [es-node1.unixhot.com] Received response for a request that has timed out, sent [42127ms] ago, timed out [12127ms] ago, action [internal:discovery/zen/fd/master_ping], node [[es-node2.unixhot.com][Phot55vxSbK9qULQO5wC_w][es-node2.unixhot.com][inet[/192.168.99.92:9300]]], id [31141764]
[2015-09-10 09:44:05,155][DEBUG][action.bulk              ] [es-node1.unixhot.com] [access-log-2015-09-10][0] failed to execute bulk item (index) index {[access-log-2015-09-10][unixhot-api-access-log-2015-09-10][AU-07Ik6hWkwcXXpO9Mv], source[_na_]}
org.elasticsearch.index.mapper.MapperParsingException: failed to parse, document is empty
	at org.elasticsearch.index.mapper.DocumentMapper.parse(DocumentMapper.java:560)
	at org.elasticsearch.index.mapper.DocumentMapper.parse(DocumentMapper.java:491)
	at org.elasticsearch.index.shard.service.InternalIndexShard.prepareCreate(InternalIndexShard.java:392)
	at org.elasticsearch.action.bulk.TransportShardBulkAction.shardIndexOperation(TransportShardBulkAction.java:444)
	at org.elasticsearch.action.bulk.TransportShardBulkAction.shardOperationOnPrimary(TransportShardBulkAction.java:150)
	at org.elasticsearch.action.support.replication.TransportShardReplicationOperationAction$AsyncShardOperationAction.performOnPrimary(TransportShardReplicationOperationAction.java:512)
	at org.elasticsearch.action.support.replication.TransportShardReplicationOperationAction$AsyncShardOperationAction$1.run(TransportShardReplicationOperationAction.java:419)
	at java.util.concurrent.ThreadPoolExecutor.runWorker(ThreadPoolExecutor.java:1145)
	at java.util.concurrent.ThreadPoolExecutor$Worker.run(ThreadPoolExecutor.java:615)
	at java.lang.Thread.run(Thread.java:745)
[2015-09-10 09:44:08,473][DEBUG][action.bulk              ] [es-node1.unixhot.com] [access-log-2015-09-10][0] failed to execute bulk item (index) index {[access-log-2015-09-10][unixhot-api-access-log-2015-09-10][AU-07JaDhWkwcXXpPB0R], source[_na_]}
org.elasticsearch.index.mapper.MapperParsingException: failed to parse, document is empty
	at org.elasticsearch.index.mapper.DocumentMapper.parse(DocumentMapper.java:560)
	at org.elasticsearch.index.mapper.DocumentMapper.parse(DocumentMapper.java:491)
	at org.elasticsearch.index.shard.service.InternalIndexShard.prepareCreate(InternalIndexShard.java:392)
	at org.elasticsearch.action.bulk.TransportShardBulkAction.shardIndexOperation(TransportShardBulkAction.java:444)
	at org.elasticsearch.action.bulk.TransportShardBulkAction.shardOperationOnPrimary(TransportShardBulkAction.java:150)
	at org.elasticsearch.action.support.replication.TransportShardReplicationOperationAction$AsyncShardOperationAction.performOnPrimary(TransportShardReplicationOperationAction.java:512)
	at org.elasticsearch.action.support.replication.TransportShardReplicationOperationAction$AsyncShardOperationAction$1.run(TransportShardReplicationOperationAction.java:419)
	at java.util.concurrent.ThreadPoolExecutor.runWorker(ThreadPoolExecutor.java:1145)
	at java.util.concurrent.ThreadPoolExecutor$Worker.run(ThreadPoolExecutor.java:615)
	at java.lang.Thread.run(Thread.java:745)
[2015-09-10 10:50:08,972][DEBUG][action.bulk              ] [es-node1.unixhot.com] [access-log-2015-09-10][0] failed to execute bulk item (index) index {[access-log-2015-09-10][unixhot-api-access-log-2015-09-10][AU-1KQTthWkwcXXp1rn8], source[_na_]}
org.elasticsearch.index.mapper.MapperParsingException: failed to parse, document is empty
	at org.elasticsearch.index.mapper.DocumentMapper.parse(DocumentMapper.java:560)
	at org.elasticsearch.index.mapper.DocumentMapper.parse(DocumentMapper.java:491)
	at org.elasticsearch.index.shard.service.InternalIndexShard.prepareCreate(InternalIndexShard.java:392)
	at org.elasticsearch.action.bulk.TransportShardBulkAction.shardIndexOperation(TransportShardBulkAction.java:444)
	at org.elasticsearch.action.bulk.TransportShardBulkAction.shardOperationOnPrimary(TransportShardBulkAction.java:150)
	at org.elasticsearch.action.support.replication.TransportShardReplicationOperationAction$AsyncShardOperationAction.performOnPrimary(TransportShardReplicationOperationAction.java:512)
	at org.elasticsearch.action.support.replication.TransportShardReplicationOperationAction$AsyncShardOperationAction$1.run(TransportShardReplicationOperationAction.java:419)
	at java.util.concurrent.ThreadPoolExecutor.runWorker(ThreadPoolExecutor.java:1145)
	at java.util.concurrent.ThreadPoolExecutor$Worker.run(ThreadPoolExecutor.java:615)
	at java.lang.Thread.run(Thread.java:745)
[2015-09-10 11:24:05,414][DEBUG][action.bulk              ] [es-node1.unixhot.com] [access-log-2015-09-10][0] failed to execute bulk item (index) index {[access-log-2015-09-10][unixhot-api-access-log-2015-09-10][AU-1SBdphWkwcXXpJ-Wh], source[_na_]}
org.elasticsearch.index.mapper.MapperParsingException: failed to parse, document is empty
	at org.elasticsearch.index.mapper.DocumentMapper.parse(DocumentMapper.java:560)
	at org.elasticsearch.index.mapper.DocumentMapper.parse(DocumentMapper.java:491)
	at org.elasticsearch.index.shard.service.InternalIndexShard.prepareCreate(InternalIndexShard.java:392)
	at org.elasticsearch.action.bulk.TransportShardBulkAction.shardIndexOperation(TransportShardBulkAction.java:444)
	at org.elasticsearch.action.bulk.TransportShardBulkAction.shardOperationOnPrimary(TransportShardBulkAction.java:150)
	at org.elasticsearch.action.support.replication.TransportShardReplicationOperationAction$AsyncShardOperationAction.performOnPrimary(TransportShardReplicationOperationAction.java:512)
	at org.elasticsearch.action.support.replication.TransportShardReplicationOperationAction$AsyncShardOperationAction$1.run(TransportShardReplicationOperationAction.java:419)
	at java.util.concurrent.ThreadPoolExecutor.runWorker(ThreadPoolExecutor.java:1145)
	at java.util.concurrent.ThreadPoolExecutor$Worker.run(ThreadPoolExecutor.java:615)
	at java.lang.Thread.run(Thread.java:745)
[2015-09-10 11:55:03,960][DEBUG][action.bulk              ] [es-node1.unixhot.com] [access-log-2015-09-10][0] failed to execute bulk item (index) index {[access-log-2015-09-10][unixhot-api-access-log-2015-09-10][AU-1ZHM6hWkwcXXpcHQh], source[_na_]}
org.elasticsearch.index.mapper.MapperParsingException: failed to parse, document is empty
	at org.elasticsearch.index.mapper.DocumentMapper.parse(DocumentMapper.java:560)
	at org.elasticsearch.index.mapper.DocumentMapper.parse(DocumentMapper.java:491)
	at org.elasticsearch.index.shard.service.InternalIndexShard.prepareCreate(InternalIndexShard.java:392)
	at org.elasticsearch.action.bulk.TransportShardBulkAction.shardIndexOperation(TransportShardBulkAction.java:444)
	at org.elasticsearch.action.bulk.TransportShardBulkAction.shardOperationOnPrimary(TransportShardBulkAction.java:150)
	at org.elasticsearch.action.support.replication.TransportShardReplicationOperationAction$AsyncShardOperationAction.performOnPrimary(TransportShardReplicationOperationAction.java:512)
	at org.elasticsearch.action.support.replication.TransportShardReplicationOperationAction$AsyncShardOperationAction$1.run(TransportShardReplicationOperationAction.java:419)
	at java.util.concurrent.ThreadPoolExecutor.runWorker(ThreadPoolExecutor.java:1145)
	at java.util.concurrent.ThreadPoolExecutor$Worker.run(ThreadPoolExecutor.java:615)
	at java.lang.Thread.run(Thread.java:745)
[2015-09-10 12:08:12,154][DEBUG][action.bulk              ] [es-node1.unixhot.com] [access-log-2015-09-10][0] failed to execute bulk item (index) index {[access-log-2015-09-10][unixhot-api-access-log-2015-09-10][AU-1cHqDhWkwcXXpkG3f], source[_na_]}
org.elasticsearch.index.mapper.MapperParsingException: failed to parse, document is empty
	at org.elasticsearch.index.mapper.DocumentMapper.parse(DocumentMapper.java:560)
	at org.elasticsearch.index.mapper.DocumentMapper.parse(DocumentMapper.java:491)
	at org.elasticsearch.index.shard.service.InternalIndexShard.prepareCreate(InternalIndexShard.java:392)
	at org.elasticsearch.action.bulk.TransportShardBulkAction.shardIndexOperation(TransportShardBulkAction.java:444)
	at org.elasticsearch.action.bulk.TransportShardBulkAction.shardOperationOnPrimary(TransportShardBulkAction.java:150)
	at org.elasticsearch.action.support.replication.TransportShardReplicationOperationAction$AsyncShardOperationAction.performOnPrimary(TransportShardReplicationOperationAction.java:512)
	at org.elasticsearch.action.support.replication.TransportShardReplicationOperationAction$AsyncShardOperationAction$1.run(TransportShardReplicationOperationAction.java:419)
	at java.util.concurrent.ThreadPoolExecutor.runWorker(ThreadPoolExecutor.java:1145)
	at java.util.concurrent.ThreadPoolExecutor$Worker.run(ThreadPoolExecutor.java:615)
	at java.lang.Thread.run(Thread.java:745)
[2015-09-10 12:13:11,597][DEBUG][action.bulk              ] [es-node1.unixhot.com] [access-log-2015-09-10][0] failed to execute bulk item (index) index {[access-log-2015-09-10][unixhot-api-access-log-2015-09-10][AU-1dQubhWkwcXXpnJf5], source[_na_]}
org.elasticsearch.index.mapper.MapperParsingException: failed to parse, document is empty
	at org.elasticsearch.index.mapper.DocumentMapper.parse(DocumentMapper.java:560)
	at org.elasticsearch.index.mapper.DocumentMapper.parse(DocumentMapper.java:491)
	at org.elasticsearch.index.shard.service.InternalIndexShard.prepareCreate(InternalIndexShard.java:392)
	at org.elasticsearch.action.bulk.TransportShardBulkAction.shardIndexOperation(TransportShardBulkAction.java:444)
	at org.elasticsearch.action.bulk.TransportShardBulkAction.shardOperationOnPrimary(TransportShardBulkAction.java:150)
	at org.elasticsearch.action.support.replication.TransportShardReplicationOperationAction$AsyncShardOperationAction.performOnPrimary(TransportShardReplicationOperationAction.java:512)
	at org.elasticsearch.action.support.replication.TransportShardReplicationOperationAction$AsyncShardOperationAction$1.run(TransportShardReplicationOperationAction.java:419)
	at java.util.concurrent.ThreadPoolExecutor.runWorker(ThreadPoolExecutor.java:1145)
	at java.util.concurrent.ThreadPoolExecutor$Worker.run(ThreadPoolExecutor.java:615)
	at java.lang.Thread.run(Thread.java:745)
[2015-09-10 12:22:15,930][DEBUG][action.bulk              ] [es-node1.unixhot.com] [access-log-2015-09-10][0] failed to execute bulk item (index) index {[access-log-2015-09-10][unixhot-api-access-log-2015-09-10][AU-1fVoPhWkwcXXpsqZ6], source[_na_]}
org.elasticsearch.index.mapper.MapperParsingException: failed to parse, document is empty
	at org.elasticsearch.index.mapper.DocumentMapper.parse(DocumentMapper.java:560)
	at org.elasticsearch.index.mapper.DocumentMapper.parse(DocumentMapper.java:491)
	at org.elasticsearch.index.shard.service.InternalIndexShard.prepareCreate(InternalIndexShard.java:392)
	at org.elasticsearch.action.bulk.TransportShardBulkAction.shardIndexOperation(TransportShardBulkAction.java:444)
	at org.elasticsearch.action.bulk.TransportShardBulkAction.shardOperationOnPrimary(TransportShardBulkAction.java:150)
	at org.elasticsearch.action.support.replication.TransportShardReplicationOperationAction$AsyncShardOperationAction.performOnPrimary(TransportShardReplicationOperationAction.java:512)
	at org.elasticsearch.action.support.replication.TransportShardReplicationOperationAction$AsyncShardOperationAction$1.run(TransportShardReplicationOperationAction.java:419)
	at java.util.concurrent.ThreadPoolExecutor.runWorker(ThreadPoolExecutor.java:1145)
	at java.util.concurrent.ThreadPoolExecutor$Worker.run(ThreadPoolExecutor.java:615)
	at java.lang.Thread.run(Thread.java:745)
[2015-09-10 12:31:20,582][DEBUG][action.bulk              ] [es-node1.unixhot.com] [access-log-2015-09-10][0] failed to execute bulk item (index) index {[access-log-2015-09-10][unixhot-api-access-log-2015-09-10][AU-1hamchWkwcXXpyYfp], source[_na_]}
org.elasticsearch.index.mapper.MapperParsingException: failed to parse, document is empty
	at org.elasticsearch.index.mapper.DocumentMapper.parse(DocumentMapper.java:560)
	at org.elasticsearch.index.mapper.DocumentMapper.parse(DocumentMapper.java:491)
	at org.elasticsearch.index.shard.service.InternalIndexShard.prepareCreate(InternalIndexShard.java:392)
	at org.elasticsearch.action.bulk.TransportShardBulkAction.shardIndexOperation(TransportShardBulkAction.java:444)
	at org.elasticsearch.action.bulk.TransportShardBulkAction.shardOperationOnPrimary(TransportShardBulkAction.java:150)
	at org.elasticsearch.action.support.replication.TransportShardReplicationOperationAction$AsyncShardOperationAction.performOnPrimary(TransportShardReplicationOperationAction.java:512)
	at org.elasticsearch.action.support.replication.TransportShardReplicationOperationAction$AsyncShardOperationAction$1.run(TransportShardReplicationOperationAction.java:419)
	at java.util.concurrent.ThreadPoolExecutor.runWorker(ThreadPoolExecutor.java:1145)
	at java.util.concurrent.ThreadPoolExecutor$Worker.run(ThreadPoolExecutor.java:615)
	at java.lang.Thread.run(Thread.java:745)
[2015-09-10 12:52:23,014][DEBUG][action.bulk              ] [es-node1.unixhot.com] [access-log-2015-09-10][0] failed to execute bulk item (index) index {[access-log-2015-09-10][unixhot-api-access-log-2015-09-10][AU-1mO0KhWkwcXXp_niB], source[_na_]}
org.elasticsearch.index.mapper.MapperParsingException: failed to parse, document is empty
	at org.elasticsearch.index.mapper.DocumentMapper.parse(DocumentMapper.java:560)
	at org.elasticsearch.index.mapper.DocumentMapper.parse(DocumentMapper.java:491)
	at org.elasticsearch.index.shard.service.InternalIndexShard.prepareCreate(InternalIndexShard.java:392)
	at org.elasticsearch.action.bulk.TransportShardBulkAction.shardIndexOperation(TransportShardBulkAction.java:444)
	at org.elasticsearch.action.bulk.TransportShardBulkAction.shardOperationOnPrimary(TransportShardBulkAction.java:150)
	at org.elasticsearch.action.support.replication.TransportShardReplicationOperationAction$AsyncShardOperationAction.performOnPrimary(TransportShardReplicationOperationAction.java:512)
	at org.elasticsearch.action.support.replication.TransportShardReplicationOperationAction$AsyncShardOperationAction$1.run(TransportShardReplicationOperationAction.java:419)
	at java.util.concurrent.ThreadPoolExecutor.runWorker(ThreadPoolExecutor.java:1145)
	at java.util.concurrent.ThreadPoolExecutor$Worker.run(ThreadPoolExecutor.java:615)
	at java.lang.Thread.run(Thread.java:745)
[2015-09-10 13:28:09,310][DEBUG][action.bulk              ] [es-node1.unixhot.com] [access-log-2015-09-10][0] failed to execute bulk item (index) index {[access-log-2015-09-10][unixhot-api-access-log-2015-09-10][AU-1uaxuhWkwcXXpUt0e], source[_na_]}
org.elasticsearch.index.mapper.MapperParsingException: failed to parse, document is empty
	at org.elasticsearch.index.mapper.DocumentMapper.parse(DocumentMapper.java:560)
	at org.elasticsearch.index.mapper.DocumentMapper.parse(DocumentMapper.java:491)
	at org.elasticsearch.index.shard.service.InternalIndexShard.prepareCreate(InternalIndexShard.java:392)
	at org.elasticsearch.action.bulk.TransportShardBulkAction.shardIndexOperation(TransportShardBulkAction.java:444)
	at org.elasticsearch.action.bulk.TransportShardBulkAction.shardOperationOnPrimary(TransportShardBulkAction.java:150)
	at org.elasticsearch.action.support.replication.TransportShardReplicationOperationAction$AsyncShardOperationAction.performOnPrimary(TransportShardReplicationOperationAction.java:512)
	at org.elasticsearch.action.support.replication.TransportShardReplicationOperationAction$AsyncShardOperationAction$1.run(TransportShardReplicationOperationAction.java:419)
	at java.util.concurrent.ThreadPoolExecutor.runWorker(ThreadPoolExecutor.java:1145)
	at java.util.concurrent.ThreadPoolExecutor$Worker.run(ThreadPoolExecutor.java:615)
	at java.lang.Thread.run(Thread.java:745)
[2015-09-10 15:04:18,583][DEBUG][action.bulk              ] [es-node1.unixhot.com] [access-log-2015-09-10][0] failed to execute bulk item (index) index {[access-log-2015-09-10][unixhot-api-access-log-2015-09-10][AU-2EbSGhWkwcXXpG2Ki], source[_na_]}
org.elasticsearch.index.mapper.MapperParsingException: failed to parse, document is empty
	at org.elasticsearch.index.mapper.DocumentMapper.parse(DocumentMapper.java:560)
	at org.elasticsearch.index.mapper.DocumentMapper.parse(DocumentMapper.java:491)
	at org.elasticsearch.index.shard.service.InternalIndexShard.prepareCreate(InternalIndexShard.java:392)
	at org.elasticsearch.action.bulk.TransportShardBulkAction.shardIndexOperation(TransportShardBulkAction.java:444)
	at org.elasticsearch.action.bulk.TransportShardBulkAction.shardOperationOnPrimary(TransportShardBulkAction.java:150)
	at org.elasticsearch.action.support.replication.TransportShardReplicationOperationAction$AsyncShardOperationAction.performOnPrimary(TransportShardReplicationOperationAction.java:512)
	at org.elasticsearch.action.support.replication.TransportShardReplicationOperationAction$AsyncShardOperationAction$1.run(TransportShardReplicationOperationAction.java:419)
	at java.util.concurrent.ThreadPoolExecutor.runWorker(ThreadPoolExecutor.java:1145)
	at java.util.concurrent.ThreadPoolExecutor$Worker.run(ThreadPoolExecutor.java:615)
	at java.lang.Thread.run(Thread.java:745)
[2015-09-10 15:06:11,961][DEBUG][action.bulk              ] [es-node1.unixhot.com] [access-log-2015-09-10][0] failed to execute bulk item (index) index {[access-log-2015-09-10][unixhot-api-access-log-2015-09-10][AU-2E2_bhWkwcXXpHxUA], source[_na_]}
org.elasticsearch.index.mapper.MapperParsingException: failed to parse, document is empty
	at org.elasticsearch.index.mapper.DocumentMapper.parse(DocumentMapper.java:560)
	at org.elasticsearch.index.mapper.DocumentMapper.parse(DocumentMapper.java:491)
	at org.elasticsearch.index.shard.service.InternalIndexShard.prepareCreate(InternalIndexShard.java:392)
	at org.elasticsearch.action.bulk.TransportShardBulkAction.shardIndexOperation(TransportShardBulkAction.java:444)
	at org.elasticsearch.action.bulk.TransportShardBulkAction.shardOperationOnPrimary(TransportShardBulkAction.java:150)
	at org.elasticsearch.action.support.replication.TransportShardReplicationOperationAction$AsyncShardOperationAction.performOnPrimary(TransportShardReplicationOperationAction.java:512)
	at org.elasticsearch.action.support.replication.TransportShardReplicationOperationAction$AsyncShardOperationAction$1.run(TransportShardReplicationOperationAction.java:419)
	at java.util.concurrent.ThreadPoolExecutor.runWorker(ThreadPoolExecutor.java:1145)
	at java.util.concurrent.ThreadPoolExecutor$Worker.run(ThreadPoolExecutor.java:615)
	at java.lang.Thread.run(Thread.java:745)
[2015-09-10 15:50:10,160][DEBUG][action.bulk              ] [es-node1.unixhot.com] [access-log-2015-09-10][0] failed to execute bulk item (index) index {[access-log-2015-09-10][unixhot-api-access-log-2015-09-10][AU-2O7DthWkwcXXpd15p], source[_na_]}
org.elasticsearch.index.mapper.MapperParsingException: failed to parse, document is empty
	at org.elasticsearch.index.mapper.DocumentMapper.parse(DocumentMapper.java:560)
	at org.elasticsearch.index.mapper.DocumentMapper.parse(DocumentMapper.java:491)
	at org.elasticsearch.index.shard.service.InternalIndexShard.prepareCreate(InternalIndexShard.java:392)
	at org.elasticsearch.action.bulk.TransportShardBulkAction.shardIndexOperation(TransportShardBulkAction.java:444)
	at org.elasticsearch.action.bulk.TransportShardBulkAction.shardOperationOnPrimary(TransportShardBulkAction.java:150)
	at org.elasticsearch.action.support.replication.TransportShardReplicationOperationAction$AsyncShardOperationAction.performOnPrimary(TransportShardReplicationOperationAction.java:512)
	at org.elasticsearch.action.support.replication.TransportShardReplicationOperationAction$AsyncShardOperationAction$1.run(TransportShardReplicationOperationAction.java:419)
	at java.util.concurrent.ThreadPoolExecutor.runWorker(ThreadPoolExecutor.java:1145)
	at java.util.concurrent.ThreadPoolExecutor$Worker.run(ThreadPoolExecutor.java:615)
	at java.lang.Thread.run(Thread.java:745)
[2015-09-10 15:50:16,983][DEBUG][action.bulk              ] [es-node1.unixhot.com] [access-log-2015-09-10][0] failed to execute bulk item (index) index {[access-log-2015-09-10][unixhot-api-access-log-2015-09-10][AU-2O8dQhWkwcXXpd8xF], source[_na_]}
org.elasticsearch.index.mapper.MapperParsingException: failed to parse, document is empty
	at org.elasticsearch.index.mapper.DocumentMapper.parse(DocumentMapper.java:560)
	at org.elasticsearch.index.mapper.DocumentMapper.parse(DocumentMapper.java:491)
	at org.elasticsearch.index.shard.service.InternalIndexShard.prepareCreate(InternalIndexShard.java:392)
	at org.elasticsearch.action.bulk.TransportShardBulkAction.shardIndexOperation(TransportShardBulkAction.java:444)
	at org.elasticsearch.action.bulk.TransportShardBulkAction.shardOperationOnPrimary(TransportShardBulkAction.java:150)
	at org.elasticsearch.action.support.replication.TransportShardReplicationOperationAction$AsyncShardOperationAction.performOnPrimary(TransportShardReplicationOperationAction.java:512)
	at org.elasticsearch.action.support.replication.TransportShardReplicationOperationAction$AsyncShardOperationAction$1.run(TransportShardReplicationOperationAction.java:419)
	at java.util.concurrent.ThreadPoolExecutor.runWorker(ThreadPoolExecutor.java:1145)
	at java.util.concurrent.ThreadPoolExecutor$Worker.run(ThreadPoolExecutor.java:615)
	at java.lang.Thread.run(Thread.java:745)
[2015-09-10 16:03:18,248][DEBUG][action.bulk              ] [es-node1.unixhot.com] [access-log-2015-09-10][0] failed to execute bulk item (index) index {[access-log-2015-09-10][unixhot-api-access-log-2015-09-10][AU-2R7cihWkwcXXpkecx], source[_na_]}
org.elasticsearch.index.mapper.MapperParsingException: failed to parse, document is empty
	at org.elasticsearch.index.mapper.DocumentMapper.parse(DocumentMapper.java:560)
	at org.elasticsearch.index.mapper.DocumentMapper.parse(DocumentMapper.java:491)
	at org.elasticsearch.index.shard.service.InternalIndexShard.prepareCreate(InternalIndexShard.java:392)
	at org.elasticsearch.action.bulk.TransportShardBulkAction.shardIndexOperation(TransportShardBulkAction.java:444)
	at org.elasticsearch.action.bulk.TransportShardBulkAction.shardOperationOnPrimary(TransportShardBulkAction.java:150)
	at org.elasticsearch.action.support.replication.TransportShardReplicationOperationAction$AsyncShardOperationAction.performOnPrimary(TransportShardReplicationOperationAction.java:512)
	at org.elasticsearch.action.support.replication.TransportShardReplicationOperationAction$AsyncShardOperationAction$1.run(TransportShardReplicationOperationAction.java:419)
	at java.util.concurrent.ThreadPoolExecutor.runWorker(ThreadPoolExecutor.java:1145)
	at java.util.concurrent.ThreadPoolExecutor$Worker.run(ThreadPoolExecutor.java:615)
	at java.lang.Thread.run(Thread.java:745)
[2015-09-10 16:07:14,615][DEBUG][action.bulk              ] [es-node1.unixhot.com] [access-log-2015-09-10][0] failed to execute bulk item (index) index {[access-log-2015-09-10][unixhot-api-access-log-2015-09-10][AU-2S1J6hWkwcXXpmd41], source[_na_]}
org.elasticsearch.index.mapper.MapperParsingException: failed to parse, document is empty
	at org.elasticsearch.index.mapper.DocumentMapper.parse(DocumentMapper.java:560)
	at org.elasticsearch.index.mapper.DocumentMapper.parse(DocumentMapper.java:491)
	at org.elasticsearch.index.shard.service.InternalIndexShard.prepareCreate(InternalIndexShard.java:392)
	at org.elasticsearch.action.bulk.TransportShardBulkAction.shardIndexOperation(TransportShardBulkAction.java:444)
	at org.elasticsearch.action.bulk.TransportShardBulkAction.shardOperationOnPrimary(TransportShardBulkAction.java:150)
	at org.elasticsearch.action.support.replication.TransportShardReplicationOperationAction$AsyncShardOperationAction.performOnPrimary(TransportShardReplicationOperationAction.java:512)
	at org.elasticsearch.action.support.replication.TransportShardReplicationOperationAction$AsyncShardOperationAction$1.run(TransportShardReplicationOperationAction.java:419)
	at java.util.concurrent.ThreadPoolExecutor.runWorker(ThreadPoolExecutor.java:1145)
	at java.util.concurrent.ThreadPoolExecutor$Worker.run(ThreadPoolExecutor.java:615)
	at java.lang.Thread.run(Thread.java:745)
[2015-09-10 16:12:07,542][DEBUG][action.bulk              ] [es-node1.unixhot.com] [access-log-2015-09-10][0] failed to execute bulk item (index) index {[access-log-2015-09-10][unixhot-api-access-log-2015-09-10][AU-2T8rIhWkwcXXpo0C1], source[_na_]}
org.elasticsearch.index.mapper.MapperParsingException: failed to parse, document is empty
	at org.elasticsearch.index.mapper.DocumentMapper.parse(DocumentMapper.java:560)
	at org.elasticsearch.index.mapper.DocumentMapper.parse(DocumentMapper.java:491)
	at org.elasticsearch.index.shard.service.InternalIndexShard.prepareCreate(InternalIndexShard.java:392)
	at org.elasticsearch.action.bulk.TransportShardBulkAction.shardIndexOperation(TransportShardBulkAction.java:444)
	at org.elasticsearch.action.bulk.TransportShardBulkAction.shardOperationOnPrimary(TransportShardBulkAction.java:150)
	at org.elasticsearch.action.support.replication.TransportShardReplicationOperationAction$AsyncShardOperationAction.performOnPrimary(TransportShardReplicationOperationAction.java:512)
	at org.elasticsearch.action.support.replication.TransportShardReplicationOperationAction$AsyncShardOperationAction$1.run(TransportShardReplicationOperationAction.java:419)
	at java.util.concurrent.ThreadPoolExecutor.runWorker(ThreadPoolExecutor.java:1145)
	at java.util.concurrent.ThreadPoolExecutor$Worker.run(ThreadPoolExecutor.java:615)
	at java.lang.Thread.run(Thread.java:745)
[2015-09-10 16:12:07,959][DEBUG][action.bulk              ] [es-node1.unixhot.com] [access-log-2015-09-10][0] failed to execute bulk item (index) index {[access-log-2015-09-10][unixhot-api-access-log-2015-09-10][AU-2T8xihWkwcXXpo1Pu], source[_na_]}
org.elasticsearch.index.mapper.MapperParsingException: failed to parse, document is empty
	at org.elasticsearch.index.mapper.DocumentMapper.parse(DocumentMapper.java:560)
	at org.elasticsearch.index.mapper.DocumentMapper.parse(DocumentMapper.java:491)
	at org.elasticsearch.index.shard.service.InternalIndexShard.prepareCreate(InternalIndexShard.java:392)
	at org.elasticsearch.action.bulk.TransportShardBulkAction.shardIndexOperation(TransportShardBulkAction.java:444)
	at org.elasticsearch.action.bulk.TransportShardBulkAction.shardOperationOnPrimary(TransportShardBulkAction.java:150)
	at org.elasticsearch.action.support.replication.TransportShardReplicationOperationAction$AsyncShardOperationAction.performOnPrimary(TransportShardReplicationOperationAction.java:512)
	at org.elasticsearch.action.support.replication.TransportShardReplicationOperationAction$AsyncShardOperationAction$1.run(TransportShardReplicationOperationAction.java:419)
	at java.util.concurrent.ThreadPoolExecutor.runWorker(ThreadPoolExecutor.java:1145)
	at java.util.concurrent.ThreadPoolExecutor$Worker.run(ThreadPoolExecutor.java:615)
	at java.lang.Thread.run(Thread.java:745)
[2015-09-10 16:12:08,096][DEBUG][action.bulk              ] [es-node1.unixhot.com] [access-log-2015-09-10][0] failed to execute bulk item (index) index {[access-log-2015-09-10][unixhot-api-access-log-2015-09-10][AU-2T8zvhWkwcXXpo1oC], source[_na_]}
org.elasticsearch.index.mapper.MapperParsingException: failed to parse, document is empty
	at org.elasticsearch.index.mapper.DocumentMapper.parse(DocumentMapper.java:560)
	at org.elasticsearch.index.mapper.DocumentMapper.parse(DocumentMapper.java:491)
	at org.elasticsearch.index.shard.service.InternalIndexShard.prepareCreate(InternalIndexShard.java:392)
	at org.elasticsearch.action.bulk.TransportShardBulkAction.shardIndexOperation(TransportShardBulkAction.java:444)
	at org.elasticsearch.action.bulk.TransportShardBulkAction.shardOperationOnPrimary(TransportShardBulkAction.java:150)
	at org.elasticsearch.action.support.replication.TransportShardReplicationOperationAction$AsyncShardOperationAction.performOnPrimary(TransportShardReplicationOperationAction.java:512)
	at org.elasticsearch.action.support.replication.TransportShardReplicationOperationAction$AsyncShardOperationAction$1.run(TransportShardReplicationOperationAction.java:419)
	at java.util.concurrent.ThreadPoolExecutor.runWorker(ThreadPoolExecutor.java:1145)
	at java.util.concurrent.ThreadPoolExecutor$Worker.run(ThreadPoolExecutor.java:615)
	at java.lang.Thread.run(Thread.java:745)
[2015-09-10 16:12:08,348][DEBUG][action.bulk              ] [es-node1.unixhot.com] [access-log-2015-09-10][0] failed to execute bulk item (index) index {[access-log-2015-09-10][unixhot-api-access-log-2015-09-10][AU-2T83OhWkwcXXpo2XK], source[_na_]}
org.elasticsearch.index.mapper.MapperParsingException: failed to parse, document is empty
	at org.elasticsearch.index.mapper.DocumentMapper.parse(DocumentMapper.java:560)
	at org.elasticsearch.index.mapper.DocumentMapper.parse(DocumentMapper.java:491)
	at org.elasticsearch.index.shard.service.InternalIndexShard.prepareCreate(InternalIndexShard.java:392)
	at org.elasticsearch.action.bulk.TransportShardBulkAction.shardIndexOperation(TransportShardBulkAction.java:444)
	at org.elasticsearch.action.bulk.TransportShardBulkAction.shardOperationOnPrimary(TransportShardBulkAction.java:150)
	at org.elasticsearch.action.support.replication.TransportShardReplicationOperationAction$AsyncShardOperationAction.performOnPrimary(TransportShardReplicationOperationAction.java:512)
	at org.elasticsearch.action.support.replication.TransportShardReplicationOperationAction$AsyncShardOperationAction$1.run(TransportShardReplicationOperationAction.java:419)
	at java.util.concurrent.ThreadPoolExecutor.runWorker(ThreadPoolExecutor.java:1145)
	at java.util.concurrent.ThreadPoolExecutor$Worker.run(ThreadPoolExecutor.java:615)
	at java.lang.Thread.run(Thread.java:745)
[2015-09-10 16:12:08,719][DEBUG][action.bulk              ] [es-node1.unixhot.com] [access-log-2015-09-10][0] failed to execute bulk item (index) index {[access-log-2015-09-10][unixhot-api-access-log-2015-09-10][AU-2T886hWkwcXXpo5Fh], source[_na_]}
org.elasticsearch.index.mapper.MapperParsingException: failed to parse, document is empty
	at org.elasticsearch.index.mapper.DocumentMapper.parse(DocumentMapper.java:560)
	at org.elasticsearch.index.mapper.DocumentMapper.parse(DocumentMapper.java:491)
	at org.elasticsearch.index.shard.service.InternalIndexShard.prepareCreate(InternalIndexShard.java:392)
	at org.elasticsearch.action.bulk.TransportShardBulkAction.shardIndexOperation(TransportShardBulkAction.java:444)
	at org.elasticsearch.action.bulk.TransportShardBulkAction.shardOperationOnPrimary(TransportShardBulkAction.java:150)
	at org.elasticsearch.action.support.replication.TransportShardReplicationOperationAction$AsyncShardOperationAction.performOnPrimary(TransportShardReplicationOperationAction.java:512)
	at org.elasticsearch.action.support.replication.TransportShardReplicationOperationAction$AsyncShardOperationAction$1.run(TransportShardReplicationOperationAction.java:419)
	at java.util.concurrent.ThreadPoolExecutor.runWorker(ThreadPoolExecutor.java:1145)
	at java.util.concurrent.ThreadPoolExecutor$Worker.run(ThreadPoolExecutor.java:615)
	at java.lang.Thread.run(Thread.java:745)
[2015-09-10 16:16:06,054][DEBUG][action.bulk              ] [es-node1.unixhot.com] [access-log-2015-09-10][0] failed to execute bulk item (index) index {[access-log-2015-09-10][unixhot-api-access-log-2015-09-10][AU-2U27ihWkwcXXpqu5p], source[_na_]}
org.elasticsearch.index.mapper.MapperParsingException: failed to parse, document is empty
	at org.elasticsearch.index.mapper.DocumentMapper.parse(DocumentMapper.java:560)
	at org.elasticsearch.index.mapper.DocumentMapper.parse(DocumentMapper.java:491)
	at org.elasticsearch.index.shard.service.InternalIndexShard.prepareCreate(InternalIndexShard.java:392)
	at org.elasticsearch.action.bulk.TransportShardBulkAction.shardIndexOperation(TransportShardBulkAction.java:444)
	at org.elasticsearch.action.bulk.TransportShardBulkAction.shardOperationOnPrimary(TransportShardBulkAction.java:150)
	at org.elasticsearch.action.support.replication.TransportShardReplicationOperationAction$AsyncShardOperationAction.performOnPrimary(TransportShardReplicationOperationAction.java:512)
	at org.elasticsearch.action.support.replication.TransportShardReplicationOperationAction$AsyncShardOperationAction$1.run(TransportShardReplicationOperationAction.java:419)
	at java.util.concurrent.ThreadPoolExecutor.runWorker(ThreadPoolExecutor.java:1145)
	at java.util.concurrent.ThreadPoolExecutor$Worker.run(ThreadPoolExecutor.java:615)
	at java.lang.Thread.run(Thread.java:745)
[2015-09-10 16:38:20,506][DEBUG][action.bulk              ] [es-node1.unixhot.com] [access-log-2015-09-10][0] failed to execute bulk item (index) index {[access-log-2015-09-10][unixhot-api-access-log-2015-09-10][AU-2Z8uKhWkwcXXp2Xs9], source[_na_]}
org.elasticsearch.index.mapper.MapperParsingException: failed to parse, document is empty
	at org.elasticsearch.index.mapper.DocumentMapper.parse(DocumentMapper.java:560)
	at org.elasticsearch.index.mapper.DocumentMapper.parse(DocumentMapper.java:491)
	at org.elasticsearch.index.shard.service.InternalIndexShard.prepareCreate(InternalIndexShard.java:392)
	at org.elasticsearch.action.bulk.TransportShardBulkAction.shardIndexOperation(TransportShardBulkAction.java:444)
	at org.elasticsearch.action.bulk.TransportShardBulkAction.shardOperationOnPrimary(TransportShardBulkAction.java:150)
	at org.elasticsearch.action.support.replication.TransportShardReplicationOperationAction$AsyncShardOperationAction.performOnPrimary(TransportShardReplicationOperationAction.java:512)
	at org.elasticsearch.action.support.replication.TransportShardReplicationOperationAction$AsyncShardOperationAction$1.run(TransportShardReplicationOperationAction.java:419)
	at java.util.concurrent.ThreadPoolExecutor.runWorker(ThreadPoolExecutor.java:1145)
	at java.util.concurrent.ThreadPoolExecutor$Worker.run(ThreadPoolExecutor.java:615)
	at java.lang.Thread.run(Thread.java:745)
[2015-09-10 17:03:16,402][DEBUG][action.bulk              ] [es-node1.unixhot.com] [access-log-2015-09-10][0] failed to execute bulk item (index) index {[access-log-2015-09-10][unixhot-api-access-log-2015-09-10][AU-2fpoJhWkwcXXpDNNQ], source[_na_]}
org.elasticsearch.index.mapper.MapperParsingException: failed to parse, document is empty
	at org.elasticsearch.index.mapper.DocumentMapper.parse(DocumentMapper.java:560)
	at org.elasticsearch.index.mapper.DocumentMapper.parse(DocumentMapper.java:491)
	at org.elasticsearch.index.shard.service.InternalIndexShard.prepareCreate(InternalIndexShard.java:392)
	at org.elasticsearch.action.bulk.TransportShardBulkAction.shardIndexOperation(TransportShardBulkAction.java:444)
	at org.elasticsearch.action.bulk.TransportShardBulkAction.shardOperationOnPrimary(TransportShardBulkAction.java:150)
	at org.elasticsearch.action.support.replication.TransportShardReplicationOperationAction$AsyncShardOperationAction.performOnPrimary(TransportShardReplicationOperationAction.java:512)
	at org.elasticsearch.action.support.replication.TransportShardReplicationOperationAction$AsyncShardOperationAction$1.run(TransportShardReplicationOperationAction.java:419)
	at java.util.concurrent.ThreadPoolExecutor.runWorker(ThreadPoolExecutor.java:1145)
	at java.util.concurrent.ThreadPoolExecutor$Worker.run(ThreadPoolExecutor.java:615)
	at java.lang.Thread.run(Thread.java:745)
[2015-09-10 17:34:06,978][DEBUG][action.bulk              ] [es-node1.unixhot.com] [access-log-2015-09-10][0] failed to execute bulk item (index) index {[access-log-2015-09-10][unixhot-api-access-log-2015-09-10][AU-2mtuLhWkwcXXpTrrr], source[_na_]}
org.elasticsearch.index.mapper.MapperParsingException: failed to parse, document is empty
	at org.elasticsearch.index.mapper.DocumentMapper.parse(DocumentMapper.java:560)
	at org.elasticsearch.index.mapper.DocumentMapper.parse(DocumentMapper.java:491)
	at org.elasticsearch.index.shard.service.InternalIndexShard.prepareCreate(InternalIndexShard.java:392)
	at org.elasticsearch.action.bulk.TransportShardBulkAction.shardIndexOperation(TransportShardBulkAction.java:444)
	at org.elasticsearch.action.bulk.TransportShardBulkAction.shardOperationOnPrimary(TransportShardBulkAction.java:150)
	at org.elasticsearch.action.support.replication.TransportShardReplicationOperationAction$AsyncShardOperationAction.performOnPrimary(TransportShardReplicationOperationAction.java:512)
	at org.elasticsearch.action.support.replication.TransportShardReplicationOperationAction$AsyncShardOperationAction$1.run(TransportShardReplicationOperationAction.java:419)
	at java.util.concurrent.ThreadPoolExecutor.runWorker(ThreadPoolExecutor.java:1145)
	at java.util.concurrent.ThreadPoolExecutor$Worker.run(ThreadPoolExecutor.java:615)
	at java.lang.Thread.run(Thread.java:745)
[2015-09-10 17:53:05,987][DEBUG][action.bulk              ] [es-node1.unixhot.com] [access-log-2015-09-10][0] failed to execute bulk item (index) index {[access-log-2015-09-10][unixhot-api-access-log-2015-09-10][AU-2rDvRhWkwcXXpdneW], source[_na_]}
org.elasticsearch.index.mapper.MapperParsingException: failed to parse, document is empty
	at org.elasticsearch.index.mapper.DocumentMapper.parse(DocumentMapper.java:560)
	at org.elasticsearch.index.mapper.DocumentMapper.parse(DocumentMapper.java:491)
	at org.elasticsearch.index.shard.service.InternalIndexShard.prepareCreate(InternalIndexShard.java:392)
	at org.elasticsearch.action.bulk.TransportShardBulkAction.shardIndexOperation(TransportShardBulkAction.java:444)
	at org.elasticsearch.action.bulk.TransportShardBulkAction.shardOperationOnPrimary(TransportShardBulkAction.java:150)
	at org.elasticsearch.action.support.replication.TransportShardReplicationOperationAction$AsyncShardOperationAction.performOnPrimary(TransportShardReplicationOperationAction.java:512)
	at org.elasticsearch.action.support.replication.TransportShardReplicationOperationAction$AsyncShardOperationAction$1.run(TransportShardReplicationOperationAction.java:419)
	at java.util.concurrent.ThreadPoolExecutor.runWorker(ThreadPoolExecutor.java:1145)
	at java.util.concurrent.ThreadPoolExecutor$Worker.run(ThreadPoolExecutor.java:615)
	at java.lang.Thread.run(Thread.java:745)
[2015-09-10 17:34:06,978][DEBUG][action.bulk              ] [es-node1.unixhot.com] [access-log-2015-09-10][0] failed to execute bulk item (index) index {[access-log-2015-09-10][unixhot-api-access-log-2015-09-10][AU-2mtuLhWkwcXXpTrrr], source[_na_]}
org.elasticsearch.index.mapper.MapperParsingException: failed to parse, document is empty
	at org.elasticsearch.index.mapper.DocumentMapper.parse(DocumentMapper.java:560)
	at org.elasticsearch.index.mapper.DocumentMapper.parse(DocumentMapper.java:491)
	at org.elasticsearch.index.shard.service.InternalIndexShard.prepareCreate(InternalIndexShard.java:392)
	at org.elasticsearch.action.bulk.TransportShardBulkAction.shardIndexOperation(TransportShardBulkAction.java:444)
	at org.elasticsearch.action.bulk.TransportShardBulkAction.shardOperationOnPrimary(TransportShardBulkAction.java:150)
	at org.elasticsearch.action.support.replication.TransportShardReplicationOperationAction$AsyncShardOperationAction.performOnPrimary(TransportShardReplicationOperationAction.java:512)
	at org.elasticsearch.action.support.replication.TransportShardReplicationOperationAction$AsyncShardOperationAction$1.run(TransportShardReplicationOperationAction.java:419)
	at java.util.concurrent.ThreadPoolExecutor.runWorker(ThreadPoolExecutor.java:1145)
	at java.util.concurrent.ThreadPoolExecutor$Worker.run(ThreadPoolExecutor.java:615)
	at java.lang.Thread.run(Thread.java:745)
[2015-09-10 17:53:05,987][DEBUG][action.bulk              ] [es-node1.unixhot.com] [access-log-2015-09-10][0] failed to execute bulk item (index) index {[access-log-2015-09-10][unixhot-api-access-log-2015-09-10][AU-2rDvRhWkwcXXpdneW], source[_na_]}
org.elasticsearch.index.mapper.MapperParsingException: failed to parse, document is empty
	at org.elasticsearch.index.mapper.DocumentMapper.parse(DocumentMapper.java:560)
	at org.elasticsearch.index.mapper.DocumentMapper.parse(DocumentMapper.java:491)
	at org.elasticsearch.index.shard.service.InternalIndexShard.prepareCreate(InternalIndexShard.java:392)
	at org.elasticsearch.action.bulk.TransportShardBulkAction.shardIndexOperation(TransportShardBulkAction.java:444)
	at org.elasticsearch.action.bulk.TransportShardBulkAction.shardOperationOnPrimary(TransportShardBulkAction.java:150)
	at org.elasticsearch.action.support.replication.TransportShardReplicationOperationAction$AsyncShardOperationAction.performOnPrimary(TransportShardReplicationOperationAction.java:512)
	at org.elasticsearch.action.support.replication.TransportShardReplicationOperationAction$AsyncShardOperationAction$1.run(TransportShardReplicationOperationAction.java:419)
	at java.util.concurrent.ThreadPoolExecutor.runWorker(ThreadPoolExecutor.java:1145)
	at java.util.concurrent.ThreadPoolExecutor$Worker.run(ThreadPoolExecutor.java:615)
	at java.lang.Thread.run(Thread.java:745)
[2015-09-10 17:34:06,978][DEBUG][action.bulk              ] [es-node1.unixhot.com] [access-log-2015-09-10][0] failed to execute bulk item (index) index {[access-log-2015-09-10][unixhot-api-access-log-2015-09-10][AU-2mtuLhWkwcXXpTrrr], source[_na_]}
org.elasticsearch.index.mapper.MapperParsingException: failed to parse, document is empty
	at org.elasticsearch.index.mapper.DocumentMapper.parse(DocumentMapper.java:560)
	at org.elasticsearch.index.mapper.DocumentMapper.parse(DocumentMapper.java:491)
	at org.elasticsearch.index.shard.service.InternalIndexShard.prepareCreate(InternalIndexShard.java:392)
	at org.elasticsearch.action.bulk.TransportShardBulkAction.shardIndexOperation(TransportShardBulkAction.java:444)
	at org.elasticsearch.action.bulk.TransportShardBulkAction.shardOperationOnPrimary(TransportShardBulkAction.java:150)
	at org.elasticsearch.action.support.replication.TransportShardReplicationOperationAction$AsyncShardOperationAction.performOnPrimary(TransportShardReplicationOperationAction.java:512)
	at org.elasticsearch.action.support.replication.TransportShardReplicationOperationAction$AsyncShardOperationAction$1.run(TransportShardReplicationOperationAction.java:419)
	at java.util.concurrent.ThreadPoolExecutor.runWorker(ThreadPoolExecutor.java:1145)
	at java.util.concurrent.ThreadPoolExecutor$Worker.run(ThreadPoolExecutor.java:615)
	at java.lang.Thread.run(Thread.java:745)
[2015-09-10 17:53:05,987][DEBUG][action.bulk              ] [es-node1.unixhot.com] [access-log-2015-09-10][0] failed to execute bulk item (index) index {[access-log-2015-09-10][unixhot-api-access-log-2015-09-10][AU-2rDvRhWkwcXXpdneW], source[_na_]}
org.elasticsearch.index.mapper.MapperParsingException: failed to parse, document is empty
	at org.elasticsearch.index.mapper.DocumentMapper.parse(DocumentMapper.java:560)
	at org.elasticsearch.index.mapper.DocumentMapper.parse(DocumentMapper.java:491)
	at org.elasticsearch.index.shard.service.InternalIndexShard.prepareCreate(InternalIndexShard.java:392)
	at org.elasticsearch.action.bulk.TransportShardBulkAction.shardIndexOperation(TransportShardBulkAction.java:444)
	at org.elasticsearch.action.bulk.TransportShardBulkAction.shardOperationOnPrimary(TransportShardBulkAction.java:150)
	at org.elasticsearch.action.support.replication.TransportShardReplicationOperationAction$AsyncShardOperationAction.performOnPrimary(TransportShardReplicationOperationAction.java:512)
	at org.elasticsearch.action.support.replication.TransportShardReplicationOperationAction$AsyncShardOperationAction$1.run(TransportShardReplicationOperationAction.java:419)
	at java.util.concurrent.ThreadPoolExecutor.runWorker(ThreadPoolExecutor.java:1145)
	at java.util.concurrent.ThreadPoolExecutor$Worker.run(ThreadPoolExecutor.java:615)
	at java.lang.Thread.run(Thread.java:745)
[2015-09-10 17:34:06,978][DEBUG][action.bulk              ] [es-node1.unixhot.com] [access-log-2015-09-10][0] failed to execute bulk item (index) index {[access-log-2015-09-10][unixhot-api-access-log-2015-09-10][AU-2mtuLhWkwcXXpTrrr], source[_na_]}
org.elasticsearch.index.mapper.MapperParsingException: failed to parse, document is empty
	at org.elasticsearch.index.mapper.DocumentMapper.parse(DocumentMapper.java:560)
	at org.elasticsearch.index.mapper.DocumentMapper.parse(DocumentMapper.java:491)
	at org.elasticsearch.index.shard.service.InternalIndexShard.prepareCreate(InternalIndexShard.java:392)
	at org.elasticsearch.action.bulk.TransportShardBulkAction.shardIndexOperation(TransportShardBulkAction.java:444)
	at org.elasticsearch.action.bulk.TransportShardBulkAction.shardOperationOnPrimary(TransportShardBulkAction.java:150)
	at org.elasticsearch.action.support.replication.TransportShardReplicationOperationAction$AsyncShardOperationAction.performOnPrimary(TransportShardReplicationOperationAction.java:512)
	at org.elasticsearch.action.support.replication.TransportShardReplicationOperationAction$AsyncShardOperationAction$1.run(TransportShardReplicationOperationAction.java:419)
	at java.util.concurrent.ThreadPoolExecutor.runWorker(ThreadPoolExecutor.java:1145)
	at java.util.concurrent.ThreadPoolExecutor$Worker.run(ThreadPoolExecutor.java:615)
	at java.lang.Thread.run(Thread.java:745)
[2015-09-10 17:53:05,987][DEBUG][action.bulk              ] [es-node1.unixhot.com] [access-log-2015-09-10][0] failed to execute bulk item (index) index {[access-log-2015-09-10][unixhot-api-access-log-2015-09-10][AU-2rDvRhWkwcXXpdneW], source[_na_]}
org.elasticsearch.index.mapper.MapperParsingException: failed to parse, document is empty
	at org.elasticsearch.index.mapper.DocumentMapper.parse(DocumentMapper.java:560)
	at org.elasticsearch.index.mapper.DocumentMapper.parse(DocumentMapper.java:491)
	at org.elasticsearch.index.shard.service.InternalIndexShard.prepareCreate(InternalIndexShard.java:392)
	at org.elasticsearch.action.bulk.TransportShardBulkAction.shardIndexOperation(TransportShardBulkAction.java:444)
	at org.elasticsearch.action.bulk.TransportShardBulkAction.shardOperationOnPrimary(TransportShardBulkAction.java:150)
	at org.elasticsearch.action.support.replication.TransportShardReplicationOperationAction$AsyncShardOperationAction.performOnPrimary(TransportShardReplicationOperationAction.java:512)
	at org.elasticsearch.action.support.replication.TransportShardReplicationOperationAction$AsyncShardOperationAction$1.run(TransportShardReplicationOperationAction.java:419)
	at java.util.concurrent.ThreadPoolExecutor.runWorker(ThreadPoolExecutor.java:1145)
	at java.util.concurrent.ThreadPoolExecutor$Worker.run(ThreadPoolExecutor.java:615)
	at java.lang.Thread.run(Thread.java:745)
[2015-09-10 17:34:06,978][DEBUG][action.bulk              ] [es-node1.unixhot.com] [access-log-2015-09-10][0] failed to execute bulk item (index) index {[access-log-2015-09-10][unixhot-api-access-log-2015-09-10][AU-2mtuLhWkwcXXpTrrr], source[_na_]}
org.elasticsearch.index.mapper.MapperParsingException: failed to parse, document is empty
	at org.elasticsearch.index.mapper.DocumentMapper.parse(DocumentMapper.java:560)
	at org.elasticsearch.index.mapper.DocumentMapper.parse(DocumentMapper.java:491)
	at org.elasticsearch.index.shard.service.InternalIndexShard.prepareCreate(InternalIndexShard.java:392)
	at org.elasticsearch.action.bulk.TransportShardBulkAction.shardIndexOperation(TransportShardBulkAction.java:444)
	at org.elasticsearch.action.bulk.TransportShardBulkAction.shardOperationOnPrimary(TransportShardBulkAction.java:150)
	at org.elasticsearch.action.support.replication.TransportShardReplicationOperationAction$AsyncShardOperationAction.performOnPrimary(TransportShardReplicationOperationAction.java:512)
	at org.elasticsearch.action.support.replication.TransportShardReplicationOperationAction$AsyncShardOperationAction$1.run(TransportShardReplicationOperationAction.java:419)
	at java.util.concurrent.ThreadPoolExecutor.runWorker(ThreadPoolExecutor.java:1145)
	at java.util.concurrent.ThreadPoolExecutor$Worker.run(ThreadPoolExecutor.java:615)
	at java.lang.Thread.run(Thread.java:745)
[2015-09-10 17:53:05,987][DEBUG][action.bulk              ] [es-node1.unixhot.com] [access-log-2015-09-10][0] failed to execute bulk item (index) index {[access-log-2015-09-10][unixhot-api-access-log-2015-09-10][AU-2rDvRhWkwcXXpdneW], source[_na_]}
org.elasticsearch.index.mapper.MapperParsingException: failed to parse, document is empty
	at org.elasticsearch.index.mapper.DocumentMapper.parse(DocumentMapper.java:560)
	at org.elasticsearch.index.mapper.DocumentMapper.parse(DocumentMapper.java:491)
	at org.elasticsearch.index.shard.service.InternalIndexShard.prepareCreate(InternalIndexShard.java:392)
	at org.elasticsearch.action.bulk.TransportShardBulkAction.shardIndexOperation(TransportShardBulkAction.java:444)
	at org.elasticsearch.action.bulk.TransportShardBulkAction.shardOperationOnPrimary(TransportShardBulkAction.java:150)
	at org.elasticsearch.action.support.replication.TransportShardReplicationOperationAction$AsyncShardOperationAction.performOnPrimary(TransportShardReplicationOperationAction.java:512)
	at org.elasticsearch.action.support.replication.TransportShardReplicationOperationAction$AsyncShardOperationAction$1.run(TransportShardReplicationOperationAction.java:419)
	at java.util.concurrent.ThreadPoolExecutor.runWorker(ThreadPoolExecutor.java:1145)
	at java.util.concurrent.ThreadPoolExecutor$Worker.run(ThreadPoolExecutor.java:615)
	at java.lang.Thread.run(Thread.java:745)
[2015-09-10 17:34:06,978][DEBUG][action.bulk              ] [es-node1.unixhot.com] [access-log-2015-09-10][0] failed to execute bulk item (index) index {[access-log-2015-09-10][unixhot-api-access-log-2015-09-10][AU-2mtuLhWkwcXXpTrrr], source[_na_]}
org.elasticsearch.index.mapper.MapperParsingException: failed to parse, document is empty
	at org.elasticsearch.index.mapper.DocumentMapper.parse(DocumentMapper.java:560)
	at org.elasticsearch.index.mapper.DocumentMapper.parse(DocumentMapper.java:491)
	at org.elasticsearch.index.shard.service.InternalIndexShard.prepareCreate(InternalIndexShard.java:392)
	at org.elasticsearch.action.bulk.TransportShardBulkAction.shardIndexOperation(TransportShardBulkAction.java:444)
	at org.elasticsearch.action.bulk.TransportShardBulkAction.shardOperationOnPrimary(TransportShardBulkAction.java:150)
	at org.elasticsearch.action.support.replication.TransportShardReplicationOperationAction$AsyncShardOperationAction.performOnPrimary(TransportShardReplicationOperationAction.java:512)
	at org.elasticsearch.action.support.replication.TransportShardReplicationOperationAction$AsyncShardOperationAction$1.run(TransportShardReplicationOperationAction.java:419)
	at java.util.concurrent.ThreadPoolExecutor.runWorker(ThreadPoolExecutor.java:1145)
	at java.util.concurrent.ThreadPoolExecutor$Worker.run(ThreadPoolExecutor.java:615)
	at java.lang.Thread.run(Thread.java:745)
[2015-09-10 17:53:05,987][DEBUG][action.bulk              ] [es-node1.unixhot.com] [access-log-2015-09-10][0] failed to execute bulk item (index) index {[access-log-2015-09-10][unixhot-api-access-log-2015-09-10][AU-2rDvRhWkwcXXpdneW], source[_na_]}
org.elasticsearch.index.mapper.MapperParsingException: failed to parse, document is empty
	at org.elasticsearch.index.mapper.DocumentMapper.parse(DocumentMapper.java:560)
	at org.elasticsearch.index.mapper.DocumentMapper.parse(DocumentMapper.java:491)
	at org.elasticsearch.index.shard.service.InternalIndexShard.prepareCreate(InternalIndexShard.java:392)
	at org.elasticsearch.action.bulk.TransportShardBulkAction.shardIndexOperation(TransportShardBulkAction.java:444)
	at org.elasticsearch.action.bulk.TransportShardBulkAction.shardOperationOnPrimary(TransportShardBulkAction.java:150)
	at org.elasticsearch.action.support.replication.TransportShardReplicationOperationAction$AsyncShardOperationAction.performOnPrimary(TransportShardReplicationOperationAction.java:512)
	at org.elasticsearch.action.support.replication.TransportShardReplicationOperationAction$AsyncShardOperationAction$1.run(TransportShardReplicationOperationAction.java:419)
	at java.util.concurrent.ThreadPoolExecutor.runWorker(ThreadPoolExecutor.java:1145)
	at java.util.concurrent.ThreadPoolExecutor$Worker.run(ThreadPoolExecutor.java:615)
	at java.lang.Thread.run(Thread.java:745)
[2015-09-10 17:34:06,978][DEBUG][action.bulk              ] [es-node1.unixhot.com] [access-log-2015-09-10][0] failed to execute bulk item (index) index {[access-log-2015-09-10][unixhot-api-access-log-2015-09-10][AU-2mtuLhWkwcXXpTrrr], source[_na_]}
org.elasticsearch.index.mapper.MapperParsingException: failed to parse, document is empty
	at org.elasticsearch.index.mapper.DocumentMapper.parse(DocumentMapper.java:560)
	at org.elasticsearch.index.mapper.DocumentMapper.parse(DocumentMapper.java:491)
	at org.elasticsearch.index.shard.service.InternalIndexShard.prepareCreate(InternalIndexShard.java:392)
	at org.elasticsearch.action.bulk.TransportShardBulkAction.shardIndexOperation(TransportShardBulkAction.java:444)
	at org.elasticsearch.action.bulk.TransportShardBulkAction.shardOperationOnPrimary(TransportShardBulkAction.java:150)
	at org.elasticsearch.action.support.replication.TransportShardReplicationOperationAction$AsyncShardOperationAction.performOnPrimary(TransportShardReplicationOperationAction.java:512)
	at org.elasticsearch.action.support.replication.TransportShardReplicationOperationAction$AsyncShardOperationAction$1.run(TransportShardReplicationOperationAction.java:419)
	at java.util.concurrent.ThreadPoolExecutor.runWorker(ThreadPoolExecutor.java:1145)
	at java.util.concurrent.ThreadPoolExecutor$Worker.run(ThreadPoolExecutor.java:615)
	at java.lang.Thread.run(Thread.java:745)
[2015-09-10 17:53:05,987][DEBUG][action.bulk              ] [es-node1.unixhot.com] [access-log-2015-09-10][0] failed to execute bulk item (index) index {[access-log-2015-09-10][unixhot-api-access-log-2015-09-10][AU-2rDvRhWkwcXXpdneW], source[_na_]}
org.elasticsearch.index.mapper.MapperParsingException: failed to parse, document is empty
	at org.elasticsearch.index.mapper.DocumentMapper.parse(DocumentMapper.java:560)
	at org.elasticsearch.index.mapper.DocumentMapper.parse(DocumentMapper.java:491)
	at org.elasticsearch.index.shard.service.InternalIndexShard.prepareCreate(InternalIndexShard.java:392)
	at org.elasticsearch.action.bulk.TransportShardBulkAction.shardIndexOperation(TransportShardBulkAction.java:444)
	at org.elasticsearch.action.bulk.TransportShardBulkAction.shardOperationOnPrimary(TransportShardBulkAction.java:150)
	at org.elasticsearch.action.support.replication.TransportShardReplicationOperationAction$AsyncShardOperationAction.performOnPrimary(TransportShardReplicationOperationAction.java:512)
	at org.elasticsearch.action.support.replication.TransportShardReplicationOperationAction$AsyncShardOperationAction$1.run(TransportShardReplicationOperationAction.java:419)
	at java.util.concurrent.ThreadPoolExecutor.runWorker(ThreadPoolExecutor.java:1145)
	at java.util.concurrent.ThreadPoolExecutor$Worker.run(ThreadPoolExecutor.java:615)
	at java.lang.Thread.run(Thread.java:745)
[2015-09-10 17:34:06,978][DEBUG][action.bulk              ] [es-node1.unixhot.com] [access-log-2015-09-10][0] failed to execute bulk item (index) index {[access-log-2015-09-10][unixhot-api-access-log-2015-09-10][AU-2mtuLhWkwcXXpTrrr], source[_na_]}
org.elasticsearch.index.mapper.MapperParsingException: failed to parse, document is empty
	at org.elasticsearch.index.mapper.DocumentMapper.parse(DocumentMapper.java:560)
	at org.elasticsearch.index.mapper.DocumentMapper.parse(DocumentMapper.java:491)
	at org.elasticsearch.index.shard.service.InternalIndexShard.prepareCreate(InternalIndexShard.java:392)
	at org.elasticsearch.action.bulk.TransportShardBulkAction.shardIndexOperation(TransportShardBulkAction.java:444)
	at org.elasticsearch.action.bulk.TransportShardBulkAction.shardOperationOnPrimary(TransportShardBulkAction.java:150)
	at org.elasticsearch.action.support.replication.TransportShardReplicationOperationAction$AsyncShardOperationAction.performOnPrimary(TransportShardReplicationOperationAction.java:512)
	at org.elasticsearch.action.support.replication.TransportShardReplicationOperationAction$AsyncShardOperationAction$1.run(TransportShardReplicationOperationAction.java:419)
	at java.util.concurrent.ThreadPoolExecutor.runWorker(ThreadPoolExecutor.java:1145)
	at java.util.concurrent.ThreadPoolExecutor$Worker.run(ThreadPoolExecutor.java:615)
	at java.lang.Thread.run(Thread.java:745)
[2015-09-10 17:53:05,987][DEBUG][action.bulk              ] [es-node1.unixhot.com] [access-log-2015-09-10][0] failed to execute bulk item (index) index {[access-log-2015-09-10][unixhot-api-access-log-2015-09-10][AU-2rDvRhWkwcXXpdneW], source[_na_]}
org.elasticsearch.index.mapper.MapperParsingException: failed to parse, document is empty
	at org.elasticsearch.index.mapper.DocumentMapper.parse(DocumentMapper.java:560)
	at org.elasticsearch.index.mapper.DocumentMapper.parse(DocumentMapper.java:491)
	at org.elasticsearch.index.shard.service.InternalIndexShard.prepareCreate(InternalIndexShard.java:392)
	at org.elasticsearch.action.bulk.TransportShardBulkAction.shardIndexOperation(TransportShardBulkAction.java:444)
	at org.elasticsearch.action.bulk.TransportShardBulkAction.shardOperationOnPrimary(TransportShardBulkAction.java:150)
	at org.elasticsearch.action.support.replication.TransportShardReplicationOperationAction$AsyncShardOperationAction.performOnPrimary(TransportShardReplicationOperationAction.java:512)
	at org.elasticsearch.action.support.replication.TransportShardReplicationOperationAction$AsyncShardOperationAction$1.run(TransportShardReplicationOperationAction.java:419)
	at java.util.concurrent.ThreadPoolExecutor.runWorker(ThreadPoolExecutor.java:1145)
	at java.util.concurrent.ThreadPoolExecutor$Worker.run(ThreadPoolExecutor.java:615)
	at java.lang.Thread.run(Thread.java:745)
[2015-09-10 17:34:06,978][DEBUG][action.bulk              ] [es-node1.unixhot.com] [access-log-2015-09-10][0] failed to execute bulk item (index) index {[access-log-2015-09-10][unixhot-api-access-log-2015-09-10][AU-2mtuLhWkwcXXpTrrr], source[_na_]}
org.elasticsearch.index.mapper.MapperParsingException: failed to parse, document is empty
	at org.elasticsearch.index.mapper.DocumentMapper.parse(DocumentMapper.java:560)
	at org.elasticsearch.index.mapper.DocumentMapper.parse(DocumentMapper.java:491)
	at org.elasticsearch.index.shard.service.InternalIndexShard.prepareCreate(InternalIndexShard.java:392)
	at org.elasticsearch.action.bulk.TransportShardBulkAction.shardIndexOperation(TransportShardBulkAction.java:444)
	at org.elasticsearch.action.bulk.TransportShardBulkAction.shardOperationOnPrimary(TransportShardBulkAction.java:150)
	at org.elasticsearch.action.support.replication.TransportShardReplicationOperationAction$AsyncShardOperationAction.performOnPrimary(TransportShardReplicationOperationAction.java:512)
	at org.elasticsearch.action.support.replication.TransportShardReplicationOperationAction$AsyncShardOperationAction$1.run(TransportShardReplicationOperationAction.java:419)
	at java.util.concurrent.ThreadPoolExecutor.runWorker(ThreadPoolExecutor.java:1145)
	at java.util.concurrent.ThreadPoolExecutor$Worker.run(ThreadPoolExecutor.java:615)
	at java.lang.Thread.run(Thread.java:745)
[2015-09-10 17:53:05,987][DEBUG][action.bulk              ] [es-node1.unixhot.com] [access-log-2015-09-10][0] failed to execute bulk item (index) index {[access-log-2015-09-10][unixhot-api-access-log-2015-09-10][AU-2rDvRhWkwcXXpdneW], source[_na_]}
org.elasticsearch.index.mapper.MapperParsingException: failed to parse, document is empty
	at org.elasticsearch.index.mapper.DocumentMapper.parse(DocumentMapper.java:560)
	at org.elasticsearch.index.mapper.DocumentMapper.parse(DocumentMapper.java:491)
	at org.elasticsearch.index.shard.service.InternalIndexShard.prepareCreate(InternalIndexShard.java:392)
	at org.elasticsearch.action.bulk.TransportShardBulkAction.shardIndexOperation(TransportShardBulkAction.java:444)
	at org.elasticsearch.action.bulk.TransportShardBulkAction.shardOperationOnPrimary(TransportShardBulkAction.java:150)
	at org.elasticsearch.action.support.replication.TransportShardReplicationOperationAction$AsyncShardOperationAction.performOnPrimary(TransportShardReplicationOperationAction.java:512)
	at org.elasticsearch.action.support.replication.TransportShardReplicationOperationAction$AsyncShardOperationAction$1.run(TransportShardReplicationOperationAction.java:419)
	at java.util.concurrent.ThreadPoolExecutor.runWorker(ThreadPoolExecutor.java:1145)
	at java.util.concurrent.ThreadPoolExecutor$Worker.run(ThreadPoolExecutor.java:615)
	at java.lang.Thread.run(Thread.java:745)
